============================= test session starts ==============================
platform darwin -- Python 3.7.7, pytest-5.4.2, py-1.8.1, pluggy-0.13.1 -- /Users/ashiya/.pyenv/versions/3.7.7/bin/python3.7
cachedir: .pytest_cache
rootdir: /Users/ashiya/git/tabscript, inifile: pytest.ini
collecting ... collected 14 items

tests/parser/test_03_bar_content.py::test_basic_note_parsing PASSED      [  7%]
tests/parser/test_03_bar_content.py::test_chord_parsing PASSED           [ 14%]
tests/parser/test_03_bar_content.py::test_rest_parsing PASSED            [ 21%]
tests/parser/test_03_bar_content.py::test_duration_inheritance PASSED    [ 28%]
tests/parser/test_03_bar_content.py::test_dotted_duration PASSED         [ 35%]
tests/parser/test_03_bar_content.py::test_invalid_note_format PASSED     [ 42%]
tests/parser/test_03_bar_content.py::test_muted_note PASSED              [ 50%]
tests/parser/test_03_bar_content.py::test_chord_notation PASSED          [ 57%]
tests/parser/test_03_bar_content.py::test_inheritance PASSED             [ 64%]
tests/parser/test_03_bar_content.py::test_move_notation PASSED           [ 71%]
tests/parser/test_03_bar_content.py::test_tie_slur_notation PASSED       [ 78%]
tests/parser/test_03_bar_content.py::test_repeat_bar_parsing PASSED      [ 85%]
tests/parser/test_03_bar_content.py::test_volta_bracket_parsing PASSED   [ 92%]
tests/parser/test_03_bar_content.py::test_multi_bar_volta_bracket_parsing PASSED [100%]

============================== 14 passed in 0.02s ==============================
